  AdfCloseHandleOnInvalidAddress.cpp
  AdfIsCreateProcessDebugEventCodeSet.cpp
  AdfOpenProcessOnCsrss.cpp
  CheckRemoteDebuggerPresentEx.cpp
  CreateFileFromDsCopyFromSharedFile.cpp
  CreateLocalAppDataObjectPath.cpp
  CreateProcessFromIHxHelpPaneServer.cpp
  CreateProcessFromIHxInteractiveUser.cpp
  CreateProcessWithCfGuard.cpp
  CreatePseudoRandomInteger.cpp
  CreatePseudoRandomString.cpp
  CreateWindowsObjectPath.cpp
  DelayedExecutionExecuteOnDisplayOff.cpp
  DeleteFileEx.cpp
  GetCurrentDirectoryEx.cpp
  GetCurrentProcessEx.cpp
  GetCurrentProcessIdEx.cpp
  GetCurrentThreadEx.cpp
  GetCurrentUserSid.cpp
  GetCurrentWindowText.cpp
  Generating Code...
  Compiling...
  GetFileSizeFromPath.cpp
  GetKUserSharedData.cpp
  GetLastErrorEx.cpp
  GetLastNtStatusEx.cpp
  GetNumberOfLinkedDlls.cpp
  GetModuleHandleEx.cpp
  GetOSIdentificationData.cpp
  GetPeb.cpp
  GetProcAddress.cpp
  GetProcAddressDjb2.cpp
  GetProcAddressFowlerNollVoVariant1a.cpp
  GetProcAddressJenkinsOneAtATime32Bit.cpp
  GetProcAddressLoseLose.cpp
  GetProcAddressRotr32.cpp
  GetProcAddressSdbm.cpp
  GetProcAddressSuperFastHash.cpp
  GetProcAddressUnknownGenericHash1.cpp
  GetProcessHeapEx.cpp
  GetProcessPathFromLoaderLoadModule.cpp
  GetProcessPathFromProcessParameters.cpp
  Generating Code...
  Compiling...
  GetRtlUserProcessParameters.cpp
  GetSystemWindowsDirectory.cpp
  GetTeb.cpp
  HashFileByMsiFileHashTable.cpp
  HashStringDjb2.cpp
  HashStringFowlerNollVoVariant1a.cpp
  HashStringJenkinsOneAtATime32Bit.cpp
  HashStringLoseLose.cpp
  HashStringRotr32.cpp
  HashStringSdbm.cpp
  HashStringSuperFastHash.cpp
  HashStringUnknownGenericHash1.cpp
  IsDebuggerPresentEx.cpp
  IsIntelHardwareBreakpointPresent.cpp
  IsNvidiaGraphicsCardPresent.cpp
  IsPathValid.cpp
  IsProcessRunning.cpp
  IsProcessRunningAsAdmin.cpp
  Main.cpp
  MasqueradePebAsExplorerEx.cpp
  Generating Code...
  Compiling...
  MpfComModifyShortcutTarget.cpp
  MpfComVssDeleteShadowVolumeBackups.cpp
  OleGetClipboardData.cpp
  RecursiveFindFile.cpp
  RemoveDllFromPeb.cpp
  RtlLoadPeHeaders.cpp
  SetLastErrorEx.cpp
  SetLastNtStatusEx.cpp
  SetProcessPrivilegeToken.cpp
  UacBypassFodHelperMethod.cpp
  UrlDownloadToFileSynchronous.cpp
  Win32FromHResult.cpp
  Generating Code...
  VX-API.vcxproj -> C:\Users\dwThr\source\repos\VX-API\x64\Debug\VX-API.exe
